0 info it worked if it ends with ok
1 verbose cli [ '/home/labsi/.nvm/versions/node/v4.4.4/bin/node',
1 verbose cli   '/home/labsi/.nvm/versions/node/v4.4.4/bin/npm',
1 verbose cli   'run',
1 verbose cli   'typings-install' ]
2 info using npm@2.15.1
3 info using node@v4.4.4
4 verbose run-script [ 'pretypings-install',
4 verbose run-script   'typings-install',
4 verbose run-script   'posttypings-install' ]
5 info pretypings-install Imperya@1.0.0
6 verbose unsafe-perm in lifecycle true
7 info typings-install Imperya@1.0.0
8 verbose unsafe-perm in lifecycle true
9 info Imperya@1.0.0 Failed to exec typings-install script
10 verbose stack Error: Imperya@1.0.0 typings-install: `typings install`
10 verbose stack Exit status 1
10 verbose stack     at EventEmitter.<anonymous> (/home/labsi/.nvm/versions/node/v4.4.4/lib/node_modules/npm/lib/utils/lifecycle.js:217:16)
10 verbose stack     at emitTwo (events.js:87:13)
10 verbose stack     at EventEmitter.emit (events.js:172:7)
10 verbose stack     at ChildProcess.<anonymous> (/home/labsi/.nvm/versions/node/v4.4.4/lib/node_modules/npm/lib/utils/spawn.js:24:14)
10 verbose stack     at emitTwo (events.js:87:13)
10 verbose stack     at ChildProcess.emit (events.js:172:7)
10 verbose stack     at maybeClose (internal/child_process.js:827:16)
10 verbose stack     at Process.ChildProcess._handle.onexit (internal/child_process.js:211:5)
11 verbose pkgid Imperya@1.0.0
12 verbose cwd /opt/lampp/htdocs/imperyaweb-master
13 error Linux 3.16.0-38-generic
14 error argv "/home/labsi/.nvm/versions/node/v4.4.4/bin/node" "/home/labsi/.nvm/versions/node/v4.4.4/bin/npm" "run" "typings-install"
15 error node v4.4.4
16 error npm  v2.15.1
17 error code ELIFECYCLE
18 error Imperya@1.0.0 typings-install: `typings install`
18 error Exit status 1
19 error Failed at the Imperya@1.0.0 typings-install script 'typings install'.
19 error This is most likely a problem with the Imperya package,
19 error not with npm itself.
19 error Tell the author that this fails on your system:
19 error     typings install
19 error You can get information on how to open an issue for this project with:
19 error     npm bugs Imperya
19 error Or if that isn't available, you can get their info via:
19 error
19 error     npm owner ls Imperya
19 error There is likely additional logging output above.
20 verbose exit [ 1, true ]
